Determining size of off64_t failed with the following output:
Change Dir: D:/work/SweetSmell/external/assimp-4.1.0/CMakeFiles/CMakeTmp

Run Build Command:"C:/Program Files (x86)/Microsoft Visual Studio/2017/Community/MSBuild/15.0/Bin/MSBuild.exe" "cmTC_60a97.vcxproj" "/p:Configuration=Debug" "/p:VisualStudioVersion=15.0"
Microsoft (R) Build Engine version 15.4.8.50001 for .NET Framework
Copyright (C) Microsoft Corporation. All rights reserved.

Build started 1/2/2018 1:39:52 PM.
Project "D:\work\SweetSmell\external\assimp-4.1.0\CMakeFiles\CMakeTmp\cmTC_60a97.vcxproj" on node 1 (default targets).
PrepareForBuild:
  Creating directory "cmTC_60a97.dir\Debug\".
  Creating directory "D:\work\SweetSmell\external\assimp-4.1.0\CMakeFiles\CMakeTmp\Debug\".
  Creating directory "cmTC_60a97.dir\Debug\cmTC_60a97.tlog\".
InitializeBuildStatus:
  Creating "cmTC_60a97.dir\Debug\cmTC_60a97.tlog\unsuccessfulbuild" because "AlwaysCreate" was specified.
ClCompile:
  C:\Program Files (x86)\Microsoft Visual Studio\2017\Community\VC\Tools\MSVC\14.11.25503\bin\HostX86\x64\CL.exe /c /Zi /W3 /WX- /diagnostics:classic /Od /Ob0 /D WIN32 /D _WINDOWS /D _LARGEFILE64_SOURCE=1 /D HAVE_SYS_TYPES_H /D HAVE_STDINT_H /D HAVE_STDDEF_H /D "CMAKE_INTDIR=\"Debug\"" /D _MBCS /Gm- /RTC1 /MDd /GS /fp:precise /Zc:wchar_t /Zc:forScope /Zc:inline /Fo"cmTC_60a97.dir\Debug\\" /Fd"cmTC_60a97.dir\Debug\vc141.pdb" /Gd /TC /errorReport:queue "D:\work\SweetSmell\external\assimp-4.1.0\CMakeFiles\CheckTypeSize\OFF64_T.c"
  Microsoft (R) C/C++ Optimizing Compiler Version 19.11.25547 for x64
  Copyright (C) Microsoft Corporation.  All rights reserved.
  
  cl /c /Zi /W3 /WX- /diagnostics:classic /Od /Ob0 /D WIN32 /D _WINDOWS /D _LARGEFILE64_SOURCE=1 /D HAVE_SYS_TYPES_H /D HAVE_STDINT_H /D HAVE_STDDEF_H /D "CMAKE_INTDIR=\"Debug\"" /D _MBCS /Gm- /RTC1 /MDd /GS /fp:precise /Zc:wchar_t /Zc:forScope /Zc:inline /Fo"cmTC_60a97.dir\Debug\\" /Fd"cmTC_60a97.dir\Debug\vc141.pdb" /Gd /TC /errorReport:queue "D:\work\SweetSmell\external\assimp-4.1.0\CMakeFiles\CheckTypeSize\OFF64_T.c"
  OFF64_T.c
  
D:\work\SweetSmell\external\assimp-4.1.0\CMakeFiles\CheckTypeSize\OFF64_T.c(25): error C2065: 'off64_t': undeclared identifier [D:\work\SweetSmell\external\assimp-4.1.0\CMakeFiles\CMakeTmp\cmTC_60a97.vcxproj]
D:\work\SweetSmell\external\assimp-4.1.0\CMakeFiles\CheckTypeSize\OFF64_T.c(26): error C2065: 'off64_t': undeclared identifier [D:\work\SweetSmell\external\assimp-4.1.0\CMakeFiles\CMakeTmp\cmTC_60a97.vcxproj]
D:\work\SweetSmell\external\assimp-4.1.0\CMakeFiles\CheckTypeSize\OFF64_T.c(27): error C2065: 'off64_t': undeclared identifier [D:\work\SweetSmell\external\assimp-4.1.0\CMakeFiles\CMakeTmp\cmTC_60a97.vcxproj]
D:\work\SweetSmell\external\assimp-4.1.0\CMakeFiles\CheckTypeSize\OFF64_T.c(28): error C2065: 'off64_t': undeclared identifier [D:\work\SweetSmell\external\assimp-4.1.0\CMakeFiles\CMakeTmp\cmTC_60a97.vcxproj]
D:\work\SweetSmell\external\assimp-4.1.0\CMakeFiles\CheckTypeSize\OFF64_T.c(29): error C2065: 'off64_t': undeclared identifier [D:\work\SweetSmell\external\assimp-4.1.0\CMakeFiles\CMakeTmp\cmTC_60a97.vcxproj]
Done Building Project "D:\work\SweetSmell\external\assimp-4.1.0\CMakeFiles\CMakeTmp\cmTC_60a97.vcxproj" (default targets) -- FAILED.

Build FAILED.

"D:\work\SweetSmell\external\assimp-4.1.0\CMakeFiles\CMakeTmp\cmTC_60a97.vcxproj" (default target) (1) ->
(ClCompile target) -> 
  D:\work\SweetSmell\external\assimp-4.1.0\CMakeFiles\CheckTypeSize\OFF64_T.c(25): error C2065: 'off64_t': undeclared identifier [D:\work\SweetSmell\external\assimp-4.1.0\CMakeFiles\CMakeTmp\cmTC_60a97.vcxproj]
  D:\work\SweetSmell\external\assimp-4.1.0\CMakeFiles\CheckTypeSize\OFF64_T.c(26): error C2065: 'off64_t': undeclared identifier [D:\work\SweetSmell\external\assimp-4.1.0\CMakeFiles\CMakeTmp\cmTC_60a97.vcxproj]
  D:\work\SweetSmell\external\assimp-4.1.0\CMakeFiles\CheckTypeSize\OFF64_T.c(27): error C2065: 'off64_t': undeclared identifier [D:\work\SweetSmell\external\assimp-4.1.0\CMakeFiles\CMakeTmp\cmTC_60a97.vcxproj]
  D:\work\SweetSmell\external\assimp-4.1.0\CMakeFiles\CheckTypeSize\OFF64_T.c(28): error C2065: 'off64_t': undeclared identifier [D:\work\SweetSmell\external\assimp-4.1.0\CMakeFiles\CMakeTmp\cmTC_60a97.vcxproj]
  D:\work\SweetSmell\external\assimp-4.1.0\CMakeFiles\CheckTypeSize\OFF64_T.c(29): error C2065: 'off64_t': undeclared identifier [D:\work\SweetSmell\external\assimp-4.1.0\CMakeFiles\CMakeTmp\cmTC_60a97.vcxproj]

    0 Warning(s)
    5 Error(s)

Time Elapsed 00:00:00.92

D:/work/SweetSmell/external/assimp-4.1.0/CMakeFiles/CheckTypeSize/OFF64_T.c:
#include <sys/types.h>
#include <stdint.h>
#include <stddef.h>


#undef KEY
#if defined(__i386)
# define KEY '_','_','i','3','8','6'
#elif defined(__x86_64)
# define KEY '_','_','x','8','6','_','6','4'
#elif defined(__ppc__)
# define KEY '_','_','p','p','c','_','_'
#elif defined(__ppc64__)
# define KEY '_','_','p','p','c','6','4','_','_'
#elif defined(__aarch64__)
# define KEY '_','_','a','a','r','c','h','6','4','_','_'
#elif defined(__ARM_ARCH_7A__)
# define KEY '_','_','A','R','M','_','A','R','C','H','_','7','A','_','_'
#elif defined(__ARM_ARCH_7S__)
# define KEY '_','_','A','R','M','_','A','R','C','H','_','7','S','_','_'
#endif

#define SIZE (sizeof(off64_t))
char info_size[] =  {'I', 'N', 'F', 'O', ':', 's','i','z','e','[',
  ('0' + ((SIZE / 10000)%10)),
  ('0' + ((SIZE / 1000)%10)),
  ('0' + ((SIZE / 100)%10)),
  ('0' + ((SIZE / 10)%10)),
  ('0' +  (SIZE    % 10)),
  ']',
#ifdef KEY
  ' ','k','e','y','[', KEY, ']',
#endif
  '\0'};

#ifdef __CLASSIC_C__
int main(argc, argv) int argc; char *argv[];
#else
int main(int argc, char *argv[])
#endif
{
  int require = 0;
  require += info_size[argc];
  (void)argv;
  return require;
}


Determining if the function fseeko exists failed with the following output:
Change Dir: D:/work/SweetSmell/external/assimp-4.1.0/CMakeFiles/CMakeTmp

Run Build Command:"C:/Program Files (x86)/Microsoft Visual Studio/2017/Community/MSBuild/15.0/Bin/MSBuild.exe" "cmTC_f206d.vcxproj" "/p:Configuration=Debug" "/p:VisualStudioVersion=15.0"
Microsoft (R) Build Engine version 15.4.8.50001 for .NET Framework
Copyright (C) Microsoft Corporation. All rights reserved.

Build started 1/2/2018 1:39:54 PM.
Project "D:\work\SweetSmell\external\assimp-4.1.0\CMakeFiles\CMakeTmp\cmTC_f206d.vcxproj" on node 1 (default targets).
PrepareForBuild:
  Creating directory "cmTC_f206d.dir\Debug\".
  Creating directory "D:\work\SweetSmell\external\assimp-4.1.0\CMakeFiles\CMakeTmp\Debug\".
  Creating directory "cmTC_f206d.dir\Debug\cmTC_f206d.tlog\".
InitializeBuildStatus:
  Creating "cmTC_f206d.dir\Debug\cmTC_f206d.tlog\unsuccessfulbuild" because "AlwaysCreate" was specified.
ClCompile:
  C:\Program Files (x86)\Microsoft Visual Studio\2017\Community\VC\Tools\MSVC\14.11.25503\bin\HostX86\x64\CL.exe /c /Zi /W3 /WX- /diagnostics:classic /Od /Ob0 /D WIN32 /D _WINDOWS /D CHECK_FUNCTION_EXISTS=fseeko /D "CMAKE_INTDIR=\"Debug\"" /D _MBCS /Gm- /RTC1 /MDd /GS /fp:precise /Zc:wchar_t /Zc:forScope /Zc:inline /Fo"cmTC_f206d.dir\Debug\\" /Fd"cmTC_f206d.dir\Debug\vc141.pdb" /Gd /TC /errorReport:queue "C:\Program Files\CMake\share\cmake-3.10\Modules\CheckFunctionExists.c"
  Microsoft (R) C/C++ Optimizing Compiler Version 19.11.25547 for x64
  Copyright (C) Microsoft Corporation.  All rights reserved.
  
  cl /c /Zi /W3 /WX- /diagnostics:classic /Od /Ob0 /D WIN32 /D _WINDOWS /D CHECK_FUNCTION_EXISTS=fseeko /D "CMAKE_INTDIR=\"Debug\"" /D _MBCS /Gm- /RTC1 /MDd /GS /fp:precise /Zc:wchar_t /Zc:forScope /Zc:inline /Fo"cmTC_f206d.dir\Debug\\" /Fd"cmTC_f206d.dir\Debug\vc141.pdb" /Gd /TC /errorReport:queue "C:\Program Files\CMake\share\cmake-3.10\Modules\CheckFunctionExists.c"
  CheckFunctionExists.c
  
Link:
  C:\Program Files (x86)\Microsoft Visual Studio\2017\Community\VC\Tools\MSVC\14.11.25503\bin\HostX86\x64\link.exe /ERRORREPORT:QUEUE /OUT:"D:\work\SweetSmell\external\assimp-4.1.0\CMakeFiles\CMakeTmp\Debug\cmTC_f206d.exe" /INCREMENTAL /NOLOGO kernel32.lib user32.lib gdi32.lib winspool.lib shell32.lib ole32.lib oleaut32.lib uuid.lib comdlg32.lib advapi32.lib /MANIFEST /MANIFESTUAC:"level='asInvoker' uiAccess='false'" /manifest:embed /DEBUG /PDB:"D:/work/SweetSmell/external/assimp-4.1.0/CMakeFiles/CMakeTmp/Debug/cmTC_f206d.pdb" /SUBSYSTEM:CONSOLE /TLBID:1 /DYNAMICBASE /NXCOMPAT /IMPLIB:"D:/work/SweetSmell/external/assimp-4.1.0/CMakeFiles/CMakeTmp/Debug/cmTC_f206d.lib" /MACHINE:X64  /machine:x64 cmTC_f206d.dir\Debug\CheckFunctionExists.obj
CheckFunctionExists.obj : error LNK2019: unresolved external symbol fseeko referenced in function main [D:\work\SweetSmell\external\assimp-4.1.0\CMakeFiles\CMakeTmp\cmTC_f206d.vcxproj]
D:\work\SweetSmell\external\assimp-4.1.0\CMakeFiles\CMakeTmp\Debug\cmTC_f206d.exe : fatal error LNK1120: 1 unresolved externals [D:\work\SweetSmell\external\assimp-4.1.0\CMakeFiles\CMakeTmp\cmTC_f206d.vcxproj]
Done Building Project "D:\work\SweetSmell\external\assimp-4.1.0\CMakeFiles\CMakeTmp\cmTC_f206d.vcxproj" (default targets) -- FAILED.

Build FAILED.

"D:\work\SweetSmell\external\assimp-4.1.0\CMakeFiles\CMakeTmp\cmTC_f206d.vcxproj" (default target) (1) ->
(Link target) -> 
  CheckFunctionExists.obj : error LNK2019: unresolved external symbol fseeko referenced in function main [D:\work\SweetSmell\external\assimp-4.1.0\CMakeFiles\CMakeTmp\cmTC_f206d.vcxproj]
  D:\work\SweetSmell\external\assimp-4.1.0\CMakeFiles\CMakeTmp\Debug\cmTC_f206d.exe : fatal error LNK1120: 1 unresolved externals [D:\work\SweetSmell\external\assimp-4.1.0\CMakeFiles\CMakeTmp\cmTC_f206d.vcxproj]

    0 Warning(s)
    2 Error(s)

Time Elapsed 00:00:01.83


Determining if the include file unistd.h exists failed with the following output:
Change Dir: D:/work/SweetSmell/external/assimp-4.1.0/CMakeFiles/CMakeTmp

Run Build Command:"C:/Program Files (x86)/Microsoft Visual Studio/2017/Community/MSBuild/15.0/Bin/MSBuild.exe" "cmTC_c665f.vcxproj" "/p:Configuration=Debug" "/p:VisualStudioVersion=15.0"
Microsoft (R) Build Engine version 15.4.8.50001 for .NET Framework
Copyright (C) Microsoft Corporation. All rights reserved.

Build started 1/2/2018 1:39:56 PM.
Project "D:\work\SweetSmell\external\assimp-4.1.0\CMakeFiles\CMakeTmp\cmTC_c665f.vcxproj" on node 1 (default targets).
PrepareForBuild:
  Creating directory "cmTC_c665f.dir\Debug\".
  Creating directory "D:\work\SweetSmell\external\assimp-4.1.0\CMakeFiles\CMakeTmp\Debug\".
  Creating directory "cmTC_c665f.dir\Debug\cmTC_c665f.tlog\".
InitializeBuildStatus:
  Creating "cmTC_c665f.dir\Debug\cmTC_c665f.tlog\unsuccessfulbuild" because "AlwaysCreate" was specified.
ClCompile:
  C:\Program Files (x86)\Microsoft Visual Studio\2017\Community\VC\Tools\MSVC\14.11.25503\bin\HostX86\x64\CL.exe /c /Zi /W3 /WX- /diagnostics:classic /Od /Ob0 /D WIN32 /D _WINDOWS /D "CMAKE_INTDIR=\"Debug\"" /D _MBCS /Gm- /RTC1 /MDd /GS /fp:precise /Zc:wchar_t /Zc:forScope /Zc:inline /Fo"cmTC_c665f.dir\Debug\\" /Fd"cmTC_c665f.dir\Debug\vc141.pdb" /Gd /TC /errorReport:queue "D:\work\SweetSmell\external\assimp-4.1.0\CMakeFiles\CMakeTmp\CheckIncludeFile.c"
  Microsoft (R) C/C++ Optimizing Compiler Version 19.11.25547 for x64
  Copyright (C) Microsoft Corporation.  All rights reserved.
  
  cl /c /Zi /W3 /WX- /diagnostics:classic /Od /Ob0 /D WIN32 /D _WINDOWS /D "CMAKE_INTDIR=\"Debug\"" /D _MBCS /Gm- /RTC1 /MDd /GS /fp:precise /Zc:wchar_t /Zc:forScope /Zc:inline /Fo"cmTC_c665f.dir\Debug\\" /Fd"cmTC_c665f.dir\Debug\vc141.pdb" /Gd /TC /errorReport:queue "D:\work\SweetSmell\external\assimp-4.1.0\CMakeFiles\CMakeTmp\CheckIncludeFile.c"
  CheckIncludeFile.c
  
D:\work\SweetSmell\external\assimp-4.1.0\CMakeFiles\CMakeTmp\CheckIncludeFile.c(1): fatal error C1083: Cannot open include file: 'unistd.h': No such file or directory [D:\work\SweetSmell\external\assimp-4.1.0\CMakeFiles\CMakeTmp\cmTC_c665f.vcxproj]
Done Building Project "D:\work\SweetSmell\external\assimp-4.1.0\CMakeFiles\CMakeTmp\cmTC_c665f.vcxproj" (default targets) -- FAILED.

Build FAILED.

"D:\work\SweetSmell\external\assimp-4.1.0\CMakeFiles\CMakeTmp\cmTC_c665f.vcxproj" (default target) (1) ->
(ClCompile target) -> 
  D:\work\SweetSmell\external\assimp-4.1.0\CMakeFiles\CMakeTmp\CheckIncludeFile.c(1): fatal error C1083: Cannot open include file: 'unistd.h': No such file or directory [D:\work\SweetSmell\external\assimp-4.1.0\CMakeFiles\CMakeTmp\cmTC_c665f.vcxproj]

    0 Warning(s)
    1 Error(s)

Time Elapsed 00:00:01.18


